<?xml version="1.0" encoding="UTF-8"?>
<!-- Generated by org.testng.reporters.JUnitXMLReporter -->
<testsuite hostname="pcch-divyag" ignored="5" name="ZF RegressionTest" tests="68" failures="27" timestamp="28 May 2019 16:44:04 GMT" time="10318.18" errors="0">
  <testcase name="Tc01Login" time="42.939" classname="zf.test.MicrosoftLoginTest"/>
  <testcase name="Tc02AddSingleGatewayWithMacIDAlreadyExists" time="85.752" classname="zf.test.ZFAddSingleGatewayTest"/>
  <testcase name="Tc03AddSingleGatewayWithCertificateAlreadyExists" time="87.564" classname="zf.test.ZFAddSingleGatewayTest"/>
  <testcase name="Tc05AddSingleGatewayWithoutMandatoryInputs" time="60.559" classname="zf.test.ZFAddSingleGatewayTest"/>
  <testcase name="TC01OperatorHasNoAccessToEditAssetDetails" time="147.025" classname="zf.test.ZFAssetDetailsTest"/>
  <testcase name="TC02OperatorHasNoAccessToCreateChildAssets" time="140.212" classname="zf.test.ZFAssetDetailsTest"/>
  <testcase name="TC03OperatorHasNoAccessToEditActions" time="134.005" classname="zf.test.ZFAssetDetailsTest"/>
  <testcase name="TC04operatorAccessToViewAssetDetails" time="124.401" classname="zf.test.ZFAssetDetailsTest"/>
  <testcase name="TC05ViewExistingAssetDetails" time="118.734" classname="zf.test.ZFAssetDetailsTest">
    <failure type="java.lang.AssertionError" message="ErrorMessage: Web element By.xpath: //p-dropdown[@name=&amp;apos;area&amp;apos;]  is not present after waiting for 90 seconds.Web element By.xpath: //p-dropdown[@name=&amp;apos;area&amp;apos;] is not identified">
      <![CDATA[java.lang.AssertionError: ErrorMessage: Web element By.xpath: //p-dropdown[@name='area']  is not present after waiting for 90 seconds.Web element By.xpath: //p-dropdown[@name='area'] is not identified
at framework.ExtentReport.elementCatch(ExtentReport.java:250)
at framework.ElementManager.elementClick(ElementManager.java:57)
at zf.pages.ZFAssetPage.createAssetstWithAllFeilds(ZFAssetPage.java:290)
at zf.pages.ZFAssetDetailsPage.viewExistingAssetDetails(ZFAssetDetailsPage.java:96)
at zf.test.ZFAssetDetailsTest.TC05ViewExistingAssetDetails(ZFAssetDetailsTest.java:53)
... Removed 26 stack frames]]>
    </failure>
  </testcase> <!-- TC05ViewExistingAssetDetails -->
  <testcase name="TC01OperatorHasNoAccessToAddGateway" time="81.624" classname="zf.test.ZFGatewayHomeTest"/>
  <testcase name="TC02OperatorNoAccessToEdit" time="68.044" classname="zf.test.ZFGatewayHomeTest"/>
  <testcase name="TC03OperatorNoAccessToDisable" time="80.299" classname="zf.test.ZFGatewayHomeTest"/>
  <testcase name="TC04OperatorNoAccessToDecommission" time="95.008" classname="zf.test.ZFGatewayHomeTest"/>
  <testcase name="TC05ManageSoftwareInterface" time="96.015" classname="zf.test.ZFGatewayHomeTest"/>
  <testcase name="TC06DisableAndEnableGateway" time="65.293" classname="zf.test.ZFGatewayHomeTest">
    <failure type="java.lang.AssertionError" message="Element is not diaplayed By.xpath: //div[@class=&amp;apos;gateway-dtls-table zf-table fw ng-star-inserted&amp;apos;]">
      <![CDATA[java.lang.AssertionError: Element is not diaplayed By.xpath: //div[@class='gateway-dtls-table zf-table fw ng-star-inserted']
at framework.ExtentReport.testFailed(ExtentReport.java:208)
at framework.ElementManager.elementAvailability(ElementManager.java:485)
at zf.pages.ZFGatewayHomePage.disableAndEnableGateway(ZFGatewayHomePage.java:239)
at zf.test.ZFGatewayHomeTest.TC06DisableAndEnableGateway(ZFGatewayHomeTest.java:55)
... Removed 26 stack frames]]>
    </failure>
  </testcase> <!-- TC06DisableAndEnableGateway -->
  <testcase name="TC07OperatorHasAccessToViewGateway" time="97.778" classname="zf.test.ZFGatewayHomeTest"/>
  <testcase name="TC08UserInterfaceOfAddSoftware" time="97.853" classname="zf.test.ZFGatewayHomeTest"/>
  <testcase name="TC09UserWithNoPrivilegeCannotAccessGatewayPage" time="42.887" classname="zf.test.ZFGatewayHomeTest"/>
  <testcase name="TC10ManageSoftwareUploadAndInstallInvalidSoftwareName" time="100.885" classname="zf.test.ZFGatewayHomeTest"/>
  <testcase name="TC11ManageSoftwareUploadAndInstallInvalidSoftwarePackage" time="100.997" classname="zf.test.ZFGatewayHomeTest"/>
  <testcase name="TC12ManageSoftwareAddSoftwareUploadInstallValidUserInputs" time="98.097" classname="zf.test.ZFGatewayHomeTest"/>
  <testcase name="TC13ValidateCommissionedGatewayStatus" time="117.219" classname="zf.test.ZFGatewayHomeTest"/>
  <testcase name="TC14ValidateDecommissionedGatewayStatus" time="98.414" classname="zf.test.ZFGatewayHomeTest"/>
  <testcase name="TC15ValidatePrecommissionedGatewayStatus" time="106.201" classname="zf.test.ZFGatewayHomeTest"/>
  <testcase name="TC16verifyDefaultGatewayStatus" time="58.192" classname="zf.test.ZFGatewayHomeTest"/>
  <testcase name="TC17VerifyClearSelectedOptionsInGatewayStatusSearchDropdown" time="78.349" classname="zf.test.ZFGatewayHomeTest"/>
  <testcase name="TC18VerifySelectAllOptionInGatewayStatusSearchDropdown" time="90.772" classname="zf.test.ZFGatewayHomeTest"/>
  <testcase name="TC19VerifyClearDatesFromDatePicker" time="77.7" classname="zf.test.ZFGatewayHomeTest"/>
  <testcase name="TC20VerifySearchOptionsSearchDropdown" time="75.966" classname="zf.test.ZFGatewayHomeTest"/>
  <testcase name="TC22EditSingleGateway" time="156.362" classname="zf.test.ZFGatewayHomeTest">
    <failure type="java.lang.AssertionError" message="ErrorMessage: Web element By.xpath: (//div[@class=&amp;apos;fl fh col-heading cell ellipses gatewayName&amp;apos;]//span[1])  is not present after waiting for 90 seconds.Text is not present for the element">
      <![CDATA[java.lang.AssertionError: ErrorMessage: Web element By.xpath: (//div[@class='fl fh col-heading cell ellipses gatewayName']//span[1])  is not present after waiting for 90 seconds.Text is not present for the element
at framework.ExtentReport.elementCatch(ExtentReport.java:250)
at framework.ElementManager.elementGetText(ElementManager.java:305)
at zf.pages.ZFGatewayHomePage.clickEditGateway(ZFGatewayHomePage.java:767)
at zf.pages.ZFGatewayHomePage.editSingleGateway(ZFGatewayHomePage.java:610)
at zf.test.ZFGatewayHomeTest.TC22EditSingleGateway(ZFGatewayHomeTest.java:164)
... Removed 26 stack frames]]>
    </failure>
  </testcase> <!-- TC22EditSingleGateway -->
  <testcase name="TC23DropdownGateway" time="350.999" classname="zf.test.ZFGatewayHomeTest"/>
  <testcase name="TC24GatewaySortCatagory" time="106.461" classname="zf.test.ZFGatewayHomeTest"/>
  <testcase name="TC25VerifyGatewayColumn" time="88.025" classname="zf.test.ZFGatewayHomeTest"/>
  <testcase name="Tc02AddMultipleGatewayWithExistingEnrollmentGroup" time="58.993" classname="zf.test.ZFAddMultipleGatewayTest"/>
  <testcase name="Tc04AddMultipleGatewayWithNewEnrollmentGroupWithoutMandatoryFields" time="136.627" classname="zf.test.ZFAddMultipleGatewayTest"/>
  <testcase name="Tc05AddMultipleGatewayWithInvalidDetails" time="63.193" classname="zf.test.ZFAddMultipleGatewayTest"/>
  <testcase name="Tc06AddMultipleGatewayWithLookAndFeelValidation" time="57.455" classname="zf.test.ZFAddMultipleGatewayTest"/>
  <testcase name="Tc06AddMultipleGatewayWithUserInterfaceValidation" time="57.474" classname="zf.test.ZFAddMultipleGatewayTest"/>
  <testcase name="TC01UserInterfaceOfMangeClientPage" time="317.634" classname="zf.test.ZFClientHomeTest"/>
  <testcase name="TC02UserInterfaceOfMoreDetails" time="328.312" classname="zf.test.ZFClientHomeTest">
    <failure type="java.lang.AssertionError" message="ErrorMessage: Web element By.xpath: (//div[@class=&amp;apos;client-table-row-wrapper&amp;apos;]/div[contains(@class,&amp;apos;client-table-row&amp;apos;)]/div[contains(@class,&amp;apos;row no-gutter&amp;apos;)]/div[contains(@class,&amp;apos;width-4&amp;apos;)]/div/span[contains(@class,&amp;apos;arrow&amp;apos;)])[1]  is not present after waiting for 90 seconds.Web element By.xpath: (//div[@class=&amp;apos;client-table-row-wrapper&amp;apos;]/div[contains(@class,&amp;apos;client-table-row&amp;apos;)]/div[contains(@class,&amp;apos;row no-gutter&amp;apos;)]/div[contains(@class,&amp;apos;width-4&amp;apos;)]/div/span[contains(@class,&amp;apos;arrow&amp;apos;)])[1] is not identified">
      <![CDATA[java.lang.AssertionError: ErrorMessage: Web element By.xpath: (//div[@class='client-table-row-wrapper']/div[contains(@class,'client-table-row')]/div[contains(@class,'row no-gutter')]/div[contains(@class,'width-4')]/div/span[contains(@class,'arrow')])[1]  is not present after waiting for 90 seconds.Web element By.xpath: (//div[@class='client-table-row-wrapper']/div[contains(@class,'client-table-row')]/div[contains(@class,'row no-gutter')]/div[contains(@class,'width-4')]/div/span[contains(@class,'arrow')])[1] is not identified
at framework.ExtentReport.elementCatch(ExtentReport.java:250)
at framework.ElementManager.elementClick(ElementManager.java:57)
at framework.ElementManager.waitElementVisibleClick(ElementManager.java:692)
at zf.pages.ZFClientHomePage.clientMoreDetailsStaticValidation(ZFClientHomePage.java:84)
at zf.test.ZFClientHomeTest.TC02UserInterfaceOfMoreDetails(ZFClientHomeTest.java:41)
... Removed 26 stack frames]]>
    </failure>
  </testcase> <!-- TC02UserInterfaceOfMoreDetails -->
  <testcase name="TC03VerifyAdminUserAbleToViewClientManagementPage" time="17.281" classname="zf.test.ZFClientHomeTest">
    <failure type="java.lang.NullPointerException">
      <![CDATA[java.lang.NullPointerException
at zf.pages.ZFClientHomePage.verifyAdminUserAbleToViewClientManagementPage(ZFClientHomePage.java:110)
at zf.test.ZFClientHomeTest.TC03VerifyAdminUserAbleToViewClientManagementPage(ZFClientHomeTest.java:47)
... Removed 25 stack frames]]>
    </failure>
  </testcase> <!-- TC03VerifyAdminUserAbleToViewClientManagementPage -->
  <testcase name="TC04verifyUserInterfaceOfClientDetailsInManageClientpage" time="32.476" classname="zf.test.ZFClientHomeTest"/>
  <testcase name="TC01assetPageValidation" time="57.947" classname="zf.test.ZFAssetTest"/>
  <testcase name="TC02assetSearch" time="100.967" classname="zf.test.ZFAssetTest">
    <failure type="java.lang.AssertionError" message="ErrorMessage: Web element By.xpath: //div[@class=&amp;apos;ng-tns-c14-9 ui-multiselect-trigger ui-state-default ui-corner-right&amp;apos;]  is not present after waiting for 90 seconds.Web element By.xpath: //div[@class=&amp;apos;ng-tns-c14-9 ui-multiselect-trigger ui-state-default ui-corner-right&amp;apos;] is not identified">
      <![CDATA[java.lang.AssertionError: ErrorMessage: Web element By.xpath: //div[@class='ng-tns-c14-9 ui-multiselect-trigger ui-state-default ui-corner-right']  is not present after waiting for 90 seconds.Web element By.xpath: //div[@class='ng-tns-c14-9 ui-multiselect-trigger ui-state-default ui-corner-right'] is not identified
at framework.ExtentReport.elementCatch(ExtentReport.java:250)
at framework.ElementManager.elementClick(ElementManager.java:57)
at zf.pages.ZFAssetPage.assetSearch(ZFAssetPage.java:170)
at zf.test.ZFAssetTest.TC02assetSearch(ZFAssetTest.java:28)
... Removed 26 stack frames]]>
    </failure>
  </testcase> <!-- TC02assetSearch -->
  <testcase name="TC03assetAdvancedSearch" time="77.999" classname="zf.test.ZFAssetTest">
    <failure type="java.lang.AssertionError" message="ErrorMessage: Web element By.xpath: //span[text()=&amp;quot;BASIC_ASSET_TYPE&amp;quot;]  is not present after waiting for 90 seconds.Web element By.xpath: //span[text()=&amp;quot;BASIC_ASSET_TYPE&amp;quot;] is not identified">
      <![CDATA[java.lang.AssertionError: ErrorMessage: Web element By.xpath: //span[text()="BASIC_ASSET_TYPE"]  is not present after waiting for 90 seconds.Web element By.xpath: //span[text()="BASIC_ASSET_TYPE"] is not identified
at framework.ExtentReport.elementCatch(ExtentReport.java:250)
at framework.ElementManager.elementClick(ElementManager.java:57)
at zf.pages.ZFAssetPage.assetAdvancedSearch(ZFAssetPage.java:188)
at zf.test.ZFAssetTest.TC03assetAdvancedSearch(ZFAssetTest.java:32)
... Removed 26 stack frames]]>
    </failure>
  </testcase> <!-- TC03assetAdvancedSearch -->
  <testcase name="TC04clearAllFilter" time="111.561" classname="zf.test.ZFAssetTest">
    <failure type="java.lang.AssertionError" message="ErrorMessage: Web element By.xpath: //div[@class=&amp;apos;ng-tns-c14-9 ui-multiselect-trigger ui-state-default ui-corner-right&amp;apos;]  is not present after waiting for 90 seconds.Web element By.xpath: //div[@class=&amp;apos;ng-tns-c14-9 ui-multiselect-trigger ui-state-default ui-corner-right&amp;apos;] is not identified">
      <![CDATA[java.lang.AssertionError: ErrorMessage: Web element By.xpath: //div[@class='ng-tns-c14-9 ui-multiselect-trigger ui-state-default ui-corner-right']  is not present after waiting for 90 seconds.Web element By.xpath: //div[@class='ng-tns-c14-9 ui-multiselect-trigger ui-state-default ui-corner-right'] is not identified
at framework.ExtentReport.elementCatch(ExtentReport.java:250)
at framework.ElementManager.elementClick(ElementManager.java:57)
at zf.pages.ZFAssetPage.clearAllFilter(ZFAssetPage.java:220)
at zf.test.ZFAssetTest.TC04clearAllFilter(ZFAssetTest.java:37)
... Removed 26 stack frames]]>
    </failure>
  </testcase> <!-- TC04clearAllFilter -->
  <testcase name="TC05assetSearchWithInvalidKey" time="111.073" classname="zf.test.ZFAssetTest">
    <failure type="java.lang.AssertionError" message="ErrorMessage: Web element By.xpath: //div[@class=&amp;apos;ng-tns-c14-9 ui-multiselect-trigger ui-state-default ui-corner-right&amp;apos;]  is not present after waiting for 90 seconds.Web element By.xpath: //div[@class=&amp;apos;ng-tns-c14-9 ui-multiselect-trigger ui-state-default ui-corner-right&amp;apos;] is not identified">
      <![CDATA[java.lang.AssertionError: ErrorMessage: Web element By.xpath: //div[@class='ng-tns-c14-9 ui-multiselect-trigger ui-state-default ui-corner-right']  is not present after waiting for 90 seconds.Web element By.xpath: //div[@class='ng-tns-c14-9 ui-multiselect-trigger ui-state-default ui-corner-right'] is not identified
at framework.ExtentReport.elementCatch(ExtentReport.java:250)
at framework.ElementManager.elementClick(ElementManager.java:57)
at zf.pages.ZFAssetPage.assetSearchWithInvalidKey(ZFAssetPage.java:259)
at zf.test.ZFAssetTest.TC05assetSearchWithInvalidKey(ZFAssetTest.java:42)
... Removed 26 stack frames]]>
    </failure>
  </testcase> <!-- TC05assetSearchWithInvalidKey -->
  <testcase name="TC06CreateAssetstWithAllFeilds" time="118.638" classname="zf.test.ZFAssetTest">
    <failure type="java.lang.AssertionError" message="ErrorMessage: Web element By.xpath: //p-dropdown[@name=&amp;apos;area&amp;apos;]  is not present after waiting for 90 seconds.Web element By.xpath: //p-dropdown[@name=&amp;apos;area&amp;apos;] is not identified">
      <![CDATA[java.lang.AssertionError: ErrorMessage: Web element By.xpath: //p-dropdown[@name='area']  is not present after waiting for 90 seconds.Web element By.xpath: //p-dropdown[@name='area'] is not identified
at framework.ExtentReport.elementCatch(ExtentReport.java:250)
at framework.ElementManager.elementClick(ElementManager.java:57)
at zf.pages.ZFAssetPage.createAssetstWithAllFeilds(ZFAssetPage.java:290)
at zf.test.ZFAssetTest.TC06CreateAssetstWithAllFeilds(ZFAssetTest.java:47)
... Removed 26 stack frames]]>
    </failure>
  </testcase> <!-- TC06CreateAssetstWithAllFeilds -->
  <testcase name="TC07CreateAssetstWithActions" time="118.621" classname="zf.test.ZFAssetTest">
    <failure type="java.lang.AssertionError" message="ErrorMessage: Web element By.xpath: //p-dropdown[@name=&amp;apos;area&amp;apos;]  is not present after waiting for 90 seconds.Web element By.xpath: //p-dropdown[@name=&amp;apos;area&amp;apos;] is not identified">
      <![CDATA[java.lang.AssertionError: ErrorMessage: Web element By.xpath: //p-dropdown[@name='area']  is not present after waiting for 90 seconds.Web element By.xpath: //p-dropdown[@name='area'] is not identified
at framework.ExtentReport.elementCatch(ExtentReport.java:250)
at framework.ElementManager.elementClick(ElementManager.java:57)
at zf.pages.ZFAssetPage.CreateAssetstWithActions(ZFAssetPage.java:575)
at zf.test.ZFAssetTest.TC07CreateAssetstWithActions(ZFAssetTest.java:54)
... Removed 26 stack frames]]>
    </failure>
  </testcase> <!-- TC07CreateAssetstWithActions -->
  <testcase name="TC08editExistAssetDetails" time="157.302" classname="zf.test.ZFAssetTest">
    <failure type="java.lang.AssertionError" message="ErrorMessage: Web element By.xpath: //p-dropdown[@name=&amp;apos;area&amp;apos;]  is not present after waiting for 90 seconds.Web element By.xpath: //p-dropdown[@name=&amp;apos;area&amp;apos;] is not identified">
      <![CDATA[java.lang.AssertionError: ErrorMessage: Web element By.xpath: //p-dropdown[@name='area']  is not present after waiting for 90 seconds.Web element By.xpath: //p-dropdown[@name='area'] is not identified
at framework.ExtentReport.elementCatch(ExtentReport.java:250)
at framework.ElementManager.elementClick(ElementManager.java:57)
at zf.pages.ZFAssetPage.editExistAssetDetails(ZFAssetPage.java:675)
at zf.test.ZFAssetTest.TC08editExistAssetDetails(ZFAssetTest.java:59)
... Removed 26 stack frames]]>
    </failure>
  </testcase> <!-- TC08editExistAssetDetails -->
  <testcase name="TC09CreateChildAssettWithAllFeilds" time="118.349" classname="zf.test.ZFAssetTest">
    <failure type="java.lang.AssertionError" message="ErrorMessage: Web element By.xpath: //p-dropdown[@name=&amp;apos;area&amp;apos;]  is not present after waiting for 90 seconds.Web element By.xpath: //p-dropdown[@name=&amp;apos;area&amp;apos;] is not identified">
      <![CDATA[java.lang.AssertionError: ErrorMessage: Web element By.xpath: //p-dropdown[@name='area']  is not present after waiting for 90 seconds.Web element By.xpath: //p-dropdown[@name='area'] is not identified
at framework.ExtentReport.elementCatch(ExtentReport.java:250)
at framework.ElementManager.elementClick(ElementManager.java:57)
at zf.pages.ZFAssetPage.createAssetstWithAllFeilds(ZFAssetPage.java:290)
at zf.pages.ZFAssetPage.createChildAssetWithAllFeilds(ZFAssetPage.java:691)
at zf.test.ZFAssetTest.TC09CreateChildAssettWithAllFeilds(ZFAssetTest.java:65)
... Removed 26 stack frames]]>
    </failure>
  </testcase> <!-- TC09CreateChildAssettWithAllFeilds -->
  <testcase name="TC10CreateAssetstWithAllAutopopulatedMetadataKeys" time="118.752" classname="zf.test.ZFAssetTest">
    <failure type="java.lang.AssertionError" message="ErrorMessage: Web element By.xpath: //p-dropdown[@name=&amp;apos;area&amp;apos;]  is not present after waiting for 90 seconds.Web element By.xpath: //p-dropdown[@name=&amp;apos;area&amp;apos;] is not identified">
      <![CDATA[java.lang.AssertionError: ErrorMessage: Web element By.xpath: //p-dropdown[@name='area']  is not present after waiting for 90 seconds.Web element By.xpath: //p-dropdown[@name='area'] is not identified
at framework.ExtentReport.elementCatch(ExtentReport.java:250)
at framework.ElementManager.elementClick(ElementManager.java:57)
at zf.pages.ZFAssetPage.createAssetstWithAllAutopopulatedMetadataKeys(ZFAssetPage.java:330)
at zf.test.ZFAssetTest.TC10CreateAssetstWithAllAutopopulatedMetadataKeys(ZFAssetTest.java:71)
... Removed 26 stack frames]]>
    </failure>
  </testcase> <!-- TC10CreateAssetstWithAllAutopopulatedMetadataKeys -->
  <testcase name="TC11CreateAssetstWithMandatoryAutopopulatedMetadataKeys" time="118.621" classname="zf.test.ZFAssetTest">
    <failure type="java.lang.AssertionError" message="ErrorMessage: Web element By.xpath: //p-dropdown[@name=&amp;apos;area&amp;apos;]  is not present after waiting for 90 seconds.Web element By.xpath: //p-dropdown[@name=&amp;apos;area&amp;apos;] is not identified">
      <![CDATA[java.lang.AssertionError: ErrorMessage: Web element By.xpath: //p-dropdown[@name='area']  is not present after waiting for 90 seconds.Web element By.xpath: //p-dropdown[@name='area'] is not identified
at framework.ExtentReport.elementCatch(ExtentReport.java:250)
at framework.ElementManager.elementClick(ElementManager.java:57)
at zf.pages.ZFAssetPage.createAssetstWithMandatoryAutopopulatedMetadataKeys(ZFAssetPage.java:377)
at zf.test.ZFAssetTest.TC11CreateAssetstWithMandatoryAutopopulatedMetadataKeys(ZFAssetTest.java:77)
... Removed 26 stack frames]]>
    </failure>
  </testcase> <!-- TC11CreateAssetstWithMandatoryAutopopulatedMetadataKeys -->
  <testcase name="TC12FieldValidationsMandatoryFieldVin" time="118.9" classname="zf.test.ZFAssetTest">
    <failure type="java.lang.AssertionError" message="ErrorMessage: Web element By.xpath: //p-dropdown[@name=&amp;apos;area&amp;apos;]  is not present after waiting for 90 seconds.Web element By.xpath: //p-dropdown[@name=&amp;apos;area&amp;apos;] is not identified">
      <![CDATA[java.lang.AssertionError: ErrorMessage: Web element By.xpath: //p-dropdown[@name='area']  is not present after waiting for 90 seconds.Web element By.xpath: //p-dropdown[@name='area'] is not identified
at framework.ExtentReport.elementCatch(ExtentReport.java:250)
at framework.ElementManager.elementClick(ElementManager.java:57)
at zf.pages.ZFAssetPage.fieldValidationsMandatoryFieldVin(ZFAssetPage.java:451)
at zf.test.ZFAssetTest.TC12FieldValidationsMandatoryFieldVin(ZFAssetTest.java:83)
... Removed 26 stack frames]]>
    </failure>
  </testcase> <!-- TC12FieldValidationsMandatoryFieldVin -->
  <testcase name="TC13VerifyVehicleAssetstWithMandatoryAutopopulatedMetadataKeys" time="119.03" classname="zf.test.ZFAssetTest">
    <failure type="java.lang.AssertionError" message="ErrorMessage: Web element By.xpath: //p-dropdown[@name=&amp;apos;area&amp;apos;]  is not present after waiting for 90 seconds.Web element By.xpath: //p-dropdown[@name=&amp;apos;area&amp;apos;] is not identified">
      <![CDATA[java.lang.AssertionError: ErrorMessage: Web element By.xpath: //p-dropdown[@name='area']  is not present after waiting for 90 seconds.Web element By.xpath: //p-dropdown[@name='area'] is not identified
at framework.ExtentReport.elementCatch(ExtentReport.java:250)
at framework.ElementManager.elementClick(ElementManager.java:57)
at zf.pages.ZFAssetPage.verifyVehicleAssetstWithMandatoryAutopopulatedMetadataKeys(ZFAssetPage.java:423)
at zf.test.ZFAssetTest.TC13VerifyVehicleAssetstWithMandatoryAutopopulatedMetadataKeys(ZFAssetTest.java:88)
... Removed 26 stack frames]]>
    </failure>
  </testcase> <!-- TC13VerifyVehicleAssetstWithMandatoryAutopopulatedMetadataKeys -->
  <testcase name="TC14CreateAssetWithoutMandatoryInput" time="216.187" classname="zf.test.ZFAssetTest">
    <failure type="java.lang.AssertionError" message="ErrorMessage: Web element By.xpath: (//button[@class=&amp;apos;zf-button primary fr&amp;apos;])[2]  is not present after waiting for 90 seconds.Element value is not retriving">
      <![CDATA[java.lang.AssertionError: ErrorMessage: Web element By.xpath: (//button[@class='zf-button primary fr'])[2]  is not present after waiting for 90 seconds.Element value is not retriving
at framework.ExtentReport.elementCatch(ExtentReport.java:250)
at framework.ElementManager.elementGetValue(ElementManager.java:337)
at zf.pages.ZFAssetPage.submitButtonVisibility(ZFAssetPage.java:556)
at zf.pages.ZFAssetPage.createAssetWithoutMandatoryInput(ZFAssetPage.java:501)
at zf.test.ZFAssetTest.TC14CreateAssetWithoutMandatoryInput(ZFAssetTest.java:94)
... Removed 26 stack frames]]>
    </failure>
  </testcase> <!-- TC14CreateAssetWithoutMandatoryInput -->
  <testcase name="TC15ExecuteActionWithoutParamater" time="119.224" classname="zf.test.ZFAssetTest">
    <failure type="java.lang.AssertionError" message="ErrorMessage: Web element By.xpath: //p-dropdown[@name=&amp;apos;area&amp;apos;]  is not present after waiting for 90 seconds.Web element By.xpath: //p-dropdown[@name=&amp;apos;area&amp;apos;] is not identified">
      <![CDATA[java.lang.AssertionError: ErrorMessage: Web element By.xpath: //p-dropdown[@name='area']  is not present after waiting for 90 seconds.Web element By.xpath: //p-dropdown[@name='area'] is not identified
at framework.ExtentReport.elementCatch(ExtentReport.java:250)
at framework.ElementManager.elementClick(ElementManager.java:57)
at zf.pages.ZFAssetPage.createAssetstWithAllFeilds(ZFAssetPage.java:290)
at zf.pages.ZFAssetPage.executeActionWithoutParamater(ZFAssetPage.java:522)
at zf.test.ZFAssetTest.TC15ExecuteActionWithoutParamater(ZFAssetTest.java:100)
... Removed 26 stack frames]]>
    </failure>
  </testcase> <!-- TC15ExecuteActionWithoutParamater -->
  <testcase name="TC16ExecuteActionWithParamater" time="118.538" classname="zf.test.ZFAssetTest">
    <failure type="java.lang.AssertionError" message="ErrorMessage: Web element By.xpath: //p-dropdown[@name=&amp;apos;area&amp;apos;]  is not present after waiting for 90 seconds.Web element By.xpath: //p-dropdown[@name=&amp;apos;area&amp;apos;] is not identified">
      <![CDATA[java.lang.AssertionError: ErrorMessage: Web element By.xpath: //p-dropdown[@name='area']  is not present after waiting for 90 seconds.Web element By.xpath: //p-dropdown[@name='area'] is not identified
at framework.ExtentReport.elementCatch(ExtentReport.java:250)
at framework.ElementManager.elementClick(ElementManager.java:57)
at zf.pages.ZFAssetPage.createAssetstWithAllFeilds(ZFAssetPage.java:290)
at zf.pages.ZFAssetPage.executeActionWithParamater(ZFAssetPage.java:538)
at zf.test.ZFAssetTest.TC16ExecuteActionWithParamater(ZFAssetTest.java:105)
... Removed 26 stack frames]]>
    </failure>
  </testcase> <!-- TC16ExecuteActionWithParamater -->
  <testcase name="TC17EditAssetstActions" time="118.541" classname="zf.test.ZFAssetTest">
    <failure type="java.lang.AssertionError" message="ErrorMessage: Web element By.xpath: //p-dropdown[@name=&amp;apos;area&amp;apos;]  is not present after waiting for 90 seconds.Web element By.xpath: //p-dropdown[@name=&amp;apos;area&amp;apos;] is not identified">
      <![CDATA[java.lang.AssertionError: ErrorMessage: Web element By.xpath: //p-dropdown[@name='area']  is not present after waiting for 90 seconds.Web element By.xpath: //p-dropdown[@name='area'] is not identified
at framework.ExtentReport.elementCatch(ExtentReport.java:250)
at framework.ElementManager.elementClick(ElementManager.java:57)
at zf.pages.ZFAssetPage.editAssetstActions(ZFAssetPage.java:624)
at zf.test.ZFAssetTest.TC17EditAssetstActions(ZFAssetTest.java:110)
... Removed 26 stack frames]]>
    </failure>
  </testcase> <!-- TC17EditAssetstActions -->
  <testcase name="TC18VerifyAssetActionsUI" time="98.462" classname="zf.test.ZFAssetTest">
    <failure type="java.lang.AssertionError" message="Element is not diaplayed By.xpath: (//div[@class=&amp;apos;ui-chkbox-box ui-widget ui-corner-all ui-state-default&amp;apos;])[1]">
      <![CDATA[java.lang.AssertionError: Element is not diaplayed By.xpath: (//div[@class='ui-chkbox-box ui-widget ui-corner-all ui-state-default'])[1]
at framework.ExtentReport.testFailed(ExtentReport.java:208)
at framework.ElementManager.elementAvailability(ElementManager.java:485)
at zf.pages.ZFAssetPage.verifyAssetActionsUI(ZFAssetPage.java:743)
at zf.test.ZFAssetTest.TC18VerifyAssetActionsUI(ZFAssetTest.java:115)
... Removed 26 stack frames]]>
    </failure>
  </testcase> <!-- TC18VerifyAssetActionsUI -->
  <testcase name="TC19OperatorHasNoAccessToCreateAsset" time="74.745" classname="zf.test.ZFAssetTest"/>
  <testcase name="TC20UserWithNoPrivilegeCannotAccessAssetsPage" time="42.896" classname="zf.test.ZFAssetTest"/>
  <testcase name="TC21SortAssetsInAssetsHomepage" time="367.197" classname="zf.test.ZFAssetTest"/>
  <testcase name="Tc01AddSubClientWithAllFeilds" time="331.493" classname="zf.test.ZFAddClientTest">
    <failure type="java.lang.AssertionError" message="ErrorMessage: Web element By.xpath: (//div[@class=&amp;apos;client-table-row-wrapper&amp;apos;]/div[contains(@class,&amp;apos;client-table-row&amp;apos;)]/div[contains(@class,&amp;apos;row no-gutter&amp;apos;)]/div[contains(@class,&amp;apos;width-4&amp;apos;)]/div/span[contains(@class,&amp;apos;arrow&amp;apos;)])[1]  is not present after waiting for 90 seconds.Web element By.xpath: (//div[@class=&amp;apos;client-table-row-wrapper&amp;apos;]/div[contains(@class,&amp;apos;client-table-row&amp;apos;)]/div[contains(@class,&amp;apos;row no-gutter&amp;apos;)]/div[contains(@class,&amp;apos;width-4&amp;apos;)]/div/span[contains(@class,&amp;apos;arrow&amp;apos;)])[1] is not identified">
      <![CDATA[java.lang.AssertionError: ErrorMessage: Web element By.xpath: (//div[@class='client-table-row-wrapper']/div[contains(@class,'client-table-row')]/div[contains(@class,'row no-gutter')]/div[contains(@class,'width-4')]/div/span[contains(@class,'arrow')])[1]  is not present after waiting for 90 seconds.Web element By.xpath: (//div[@class='client-table-row-wrapper']/div[contains(@class,'client-table-row')]/div[contains(@class,'row no-gutter')]/div[contains(@class,'width-4')]/div/span[contains(@class,'arrow')])[1] is not identified
at framework.ExtentReport.elementCatch(ExtentReport.java:250)
at framework.ElementManager.elementClick(ElementManager.java:57)
at framework.ElementManager.waitElementVisibleClick(ElementManager.java:692)
at zf.pages.ZFClientHomePage.navigateToClientPage(ZFClientHomePage.java:160)
at zf.pages.ZFClientHomePage.AddSubClient(ZFClientHomePage.java:54)
at zf.test.ZFAddClientTest.Tc01AddSubClientWithAllFeilds(ZFAddClientTest.java:27)
... Removed 26 stack frames]]>
    </failure>
  </testcase> <!-- Tc01AddSubClientWithAllFeilds -->
  <testcase name="Tc02AddSubClientWithMandatoryDetails" time="331.224" classname="zf.test.ZFAddClientTest">
    <failure type="java.lang.AssertionError" message="ErrorMessage: Web element By.xpath: (//div[@class=&amp;apos;client-table-row-wrapper&amp;apos;]/div[contains(@class,&amp;apos;client-table-row&amp;apos;)]/div[contains(@class,&amp;apos;row no-gutter&amp;apos;)]/div[contains(@class,&amp;apos;width-4&amp;apos;)]/div/span[contains(@class,&amp;apos;arrow&amp;apos;)])[1]  is not present after waiting for 90 seconds.Web element By.xpath: (//div[@class=&amp;apos;client-table-row-wrapper&amp;apos;]/div[contains(@class,&amp;apos;client-table-row&amp;apos;)]/div[contains(@class,&amp;apos;row no-gutter&amp;apos;)]/div[contains(@class,&amp;apos;width-4&amp;apos;)]/div/span[contains(@class,&amp;apos;arrow&amp;apos;)])[1] is not identified">
      <![CDATA[java.lang.AssertionError: ErrorMessage: Web element By.xpath: (//div[@class='client-table-row-wrapper']/div[contains(@class,'client-table-row')]/div[contains(@class,'row no-gutter')]/div[contains(@class,'width-4')]/div/span[contains(@class,'arrow')])[1]  is not present after waiting for 90 seconds.Web element By.xpath: (//div[@class='client-table-row-wrapper']/div[contains(@class,'client-table-row')]/div[contains(@class,'row no-gutter')]/div[contains(@class,'width-4')]/div/span[contains(@class,'arrow')])[1] is not identified
at framework.ExtentReport.elementCatch(ExtentReport.java:250)
at framework.ElementManager.elementClick(ElementManager.java:57)
at framework.ElementManager.waitElementVisibleClick(ElementManager.java:692)
at zf.pages.ZFClientHomePage.navigateToClientPage(ZFClientHomePage.java:160)
at zf.pages.ZFClientHomePage.addSubClientWithMandatoryDetails(ZFClientHomePage.java:50)
at zf.test.ZFAddClientTest.Tc02AddSubClientWithMandatoryDetails(ZFAddClientTest.java:32)
... Removed 26 stack frames]]>
    </failure>
  </testcase> <!-- Tc02AddSubClientWithMandatoryDetails -->
  <testcase name="Tc03CreateNewSubClientValidation" time="331.496" classname="zf.test.ZFAddClientTest">
    <failure type="java.lang.AssertionError" message="ErrorMessage: Web element By.xpath: (//div[@class=&amp;apos;client-table-row-wrapper&amp;apos;]/div[contains(@class,&amp;apos;client-table-row&amp;apos;)]/div[contains(@class,&amp;apos;row no-gutter&amp;apos;)]/div[contains(@class,&amp;apos;width-4&amp;apos;)]/div/span[contains(@class,&amp;apos;arrow&amp;apos;)])[1]  is not present after waiting for 90 seconds.Web element By.xpath: (//div[@class=&amp;apos;client-table-row-wrapper&amp;apos;]/div[contains(@class,&amp;apos;client-table-row&amp;apos;)]/div[contains(@class,&amp;apos;row no-gutter&amp;apos;)]/div[contains(@class,&amp;apos;width-4&amp;apos;)]/div/span[contains(@class,&amp;apos;arrow&amp;apos;)])[1] is not identified">
      <![CDATA[java.lang.AssertionError: ErrorMessage: Web element By.xpath: (//div[@class='client-table-row-wrapper']/div[contains(@class,'client-table-row')]/div[contains(@class,'row no-gutter')]/div[contains(@class,'width-4')]/div/span[contains(@class,'arrow')])[1]  is not present after waiting for 90 seconds.Web element By.xpath: (//div[@class='client-table-row-wrapper']/div[contains(@class,'client-table-row')]/div[contains(@class,'row no-gutter')]/div[contains(@class,'width-4')]/div/span[contains(@class,'arrow')])[1] is not identified
at framework.ExtentReport.elementCatch(ExtentReport.java:250)
at framework.ElementManager.elementClick(ElementManager.java:57)
at framework.ElementManager.waitElementVisibleClick(ElementManager.java:692)
at zf.pages.ZFClientHomePage.navigateToClientPage(ZFClientHomePage.java:160)
at zf.pages.ZFClientHomePage.verifyCreateNewSubClientValidation(ZFClientHomePage.java:141)
at zf.test.ZFAddClientTest.Tc03CreateNewSubClientValidation(ZFAddClientTest.java:38)
... Removed 26 stack frames]]>
    </failure>
  </testcase> <!-- Tc03CreateNewSubClientValidation -->
  <testcase name="Tc04CreateNewSubClientEamilValidation" time="331.484" classname="zf.test.ZFAddClientTest">
    <failure type="java.lang.AssertionError" message="ErrorMessage: Web element By.xpath: (//div[@class=&amp;apos;client-table-row-wrapper&amp;apos;]/div[contains(@class,&amp;apos;client-table-row&amp;apos;)]/div[contains(@class,&amp;apos;row no-gutter&amp;apos;)]/div[contains(@class,&amp;apos;width-4&amp;apos;)]/div/span[contains(@class,&amp;apos;arrow&amp;apos;)])[1]  is not present after waiting for 90 seconds.Web element By.xpath: (//div[@class=&amp;apos;client-table-row-wrapper&amp;apos;]/div[contains(@class,&amp;apos;client-table-row&amp;apos;)]/div[contains(@class,&amp;apos;row no-gutter&amp;apos;)]/div[contains(@class,&amp;apos;width-4&amp;apos;)]/div/span[contains(@class,&amp;apos;arrow&amp;apos;)])[1] is not identified">
      <![CDATA[java.lang.AssertionError: ErrorMessage: Web element By.xpath: (//div[@class='client-table-row-wrapper']/div[contains(@class,'client-table-row')]/div[contains(@class,'row no-gutter')]/div[contains(@class,'width-4')]/div/span[contains(@class,'arrow')])[1]  is not present after waiting for 90 seconds.Web element By.xpath: (//div[@class='client-table-row-wrapper']/div[contains(@class,'client-table-row')]/div[contains(@class,'row no-gutter')]/div[contains(@class,'width-4')]/div/span[contains(@class,'arrow')])[1] is not identified
at framework.ExtentReport.elementCatch(ExtentReport.java:250)
at framework.ElementManager.elementClick(ElementManager.java:57)
at framework.ElementManager.waitElementVisibleClick(ElementManager.java:692)
at zf.pages.ZFClientHomePage.navigateToClientPage(ZFClientHomePage.java:160)
at zf.pages.ZFClientHomePage.verifyCreateNewSubClientEmailValidation(ZFClientHomePage.java:147)
at zf.test.ZFAddClientTest.Tc04CreateNewSubClientEamilValidation(ZFAddClientTest.java:44)
... Removed 26 stack frames]]>
    </failure>
  </testcase> <!-- Tc04CreateNewSubClientEamilValidation -->
  <testcase name="Tc05CreateNewSubClientWithWrongTelephoneFormat" time="331.481" classname="zf.test.ZFAddClientTest">
    <failure type="java.lang.AssertionError" message="ErrorMessage: Web element By.xpath: (//div[@class=&amp;apos;client-table-row-wrapper&amp;apos;]/div[contains(@class,&amp;apos;client-table-row&amp;apos;)]/div[contains(@class,&amp;apos;row no-gutter&amp;apos;)]/div[contains(@class,&amp;apos;width-4&amp;apos;)]/div/span[contains(@class,&amp;apos;arrow&amp;apos;)])[1]  is not present after waiting for 90 seconds.Web element By.xpath: (//div[@class=&amp;apos;client-table-row-wrapper&amp;apos;]/div[contains(@class,&amp;apos;client-table-row&amp;apos;)]/div[contains(@class,&amp;apos;row no-gutter&amp;apos;)]/div[contains(@class,&amp;apos;width-4&amp;apos;)]/div/span[contains(@class,&amp;apos;arrow&amp;apos;)])[1] is not identified">
      <![CDATA[java.lang.AssertionError: ErrorMessage: Web element By.xpath: (//div[@class='client-table-row-wrapper']/div[contains(@class,'client-table-row')]/div[contains(@class,'row no-gutter')]/div[contains(@class,'width-4')]/div/span[contains(@class,'arrow')])[1]  is not present after waiting for 90 seconds.Web element By.xpath: (//div[@class='client-table-row-wrapper']/div[contains(@class,'client-table-row')]/div[contains(@class,'row no-gutter')]/div[contains(@class,'width-4')]/div/span[contains(@class,'arrow')])[1] is not identified
at framework.ExtentReport.elementCatch(ExtentReport.java:250)
at framework.ElementManager.elementClick(ElementManager.java:57)
at framework.ElementManager.waitElementVisibleClick(ElementManager.java:692)
at zf.pages.ZFClientHomePage.navigateToClientPage(ZFClientHomePage.java:160)
at zf.pages.ZFClientHomePage.verifyCreateNewSubClientWithWrongTelephoneFormat(ZFClientHomePage.java:153)
at zf.test.ZFAddClientTest.Tc05CreateNewSubClientWithWrongTelephoneFormat(ZFAddClientTest.java:50)
... Removed 26 stack frames]]>
    </failure>
  </testcase> <!-- Tc05CreateNewSubClientWithWrongTelephoneFormat -->
  <testcase name="TC21verifySearchGatewayDateRange" time="0.0" classname="zf.test.ZFGatewayHomeTest">
    <ignored/>
  </testcase> <!-- TC21verifySearchGatewayDateRange -->
  <testcase name="Tc01AddSingleGatewayWithAllValidInputs" time="0.0" classname="zf.test.ZFAddSingleGatewayTest">
    <ignored/>
  </testcase> <!-- Tc01AddSingleGatewayWithAllValidInputs -->
  <testcase name="Tc03AddMultipleGatewayWithNewEnrollmentGroupWithIntermediateUploadCertificate" time="0.0" classname="zf.test.ZFAddMultipleGatewayTest">
    <ignored/>
  </testcase> <!-- Tc03AddMultipleGatewayWithNewEnrollmentGroupWithIntermediateUploadCertificate -->
  <testcase name="Tc01AddMultipleGatewayWithNewEnrollmentGroupWithRootUploadCertificate" time="0.0" classname="zf.test.ZFAddMultipleGatewayTest">
    <ignored/>
  </testcase> <!-- Tc01AddMultipleGatewayWithNewEnrollmentGroupWithRootUploadCertificate -->
  <testcase name="Tc04AddSingleGatewayWithMandatoryFields" time="0.0" classname="zf.test.ZFAddSingleGatewayTest">
    <ignored/>
  </testcase> <!-- Tc04AddSingleGatewayWithMandatoryFields -->
</testsuite> <!-- ZF RegressionTest -->
